[debug] ----------------------------------------------------------------------
[debug] Command:      /usr/local/bin/node /usr/local/bin/firebase deploy
[debug] CLI Version:  3.0.7
[debug] Platform:     darwin
[debug] Node Version: v4.4.7
[debug] Time:         Tue Sep 06 2016 20:07:35 GMT+0200 (CEST)
[debug] ----------------------------------------------------------------------
[debug] 
[debug] > command requires scopes: ["email","openid","https://www.googleapis.com/auth/cloudplatformprojects.readonly","https://www.googleapis.com/auth/firebase"]
[debug] >>> HTTP REQUEST GET https://admin.firebase.com/v1/projects/page-for-ludo 
[debug] <<< HTTP RESPONSE 200
[debug] >>> HTTP REQUEST GET https://admin.firebase.com/v1/database/page-for-ludo/tokens 
[debug] <<< HTTP RESPONSE 200
[info] 
[info] === Deploying to 'page-for-ludo'...
[info] 
[info] i  deploying database, hosting
[info] ✔  database: rules ready to deploy.
[info] i  hosting: preparing / directory for upload...
[debug] >>> HTTP REQUEST PUT https://deploy.firebase.com/v1/hosting/page-for-ludo/uploads/-KR-fm0y1xjHYtj7S1tT?fileCount=64&message= 
